0 info it worked if it ends with ok
1 verbose cli [ 'node', '/usr/local/bin/npm', 'install', '-g', 'bower' ]
2 info using npm@2.12.0
3 info using node@v0.12.0
4 verbose install initial load of /usr/local/lib/package.json
5 verbose readDependencies loading dependencies from /usr/local/lib/package.json
6 silly cache add args [ 'bower', null ]
7 verbose cache add spec bower
8 silly cache add parsed spec { raw: 'bower',
8 silly cache add   scope: null,
8 silly cache add   name: 'bower',
8 silly cache add   rawSpec: '',
8 silly cache add   spec: '*',
8 silly cache add   type: 'range' }
9 silly addNamed bower@*
10 verbose addNamed "*" is a valid semver range for bower
11 silly addNameRange { name: 'bower', range: '*', hasData: false }
12 silly mapToRegistry name bower
13 silly mapToRegistry using default registry
14 silly mapToRegistry registry https://registry.npmjs.org/
15 silly mapToRegistry uri https://registry.npmjs.org/bower
16 verbose addNameRange registry:https://registry.npmjs.org/bower not in flight; fetching
17 verbose request uri https://registry.npmjs.org/bower
18 verbose request no auth needed
19 info attempt registry request try #1 at 00:55:54
20 verbose request id e946fbb0bbe96f59
21 verbose etag "EN0NZRBELCORNQKK6704N3S5H"
22 http request GET https://registry.npmjs.org/bower
23 http 200 https://registry.npmjs.org/bower
24 silly get cb [ 200,
24 silly get   { server: 'CouchDB/1.5.0 (Erlang OTP/R16B03)',
24 silly get     etag: '"5ZISPLQVWEMUV9ECMHX3B5KAM"',
24 silly get     'content-type': 'application/json',
24 silly get     'cache-control': 'max-age=60',
24 silly get     'content-length': '129703',
24 silly get     'accept-ranges': 'bytes',
24 silly get     date: 'Thu, 22 Oct 2015 02:55:55 GMT',
24 silly get     via: '1.1 varnish',
24 silly get     age: '37',
24 silly get     connection: 'keep-alive',
24 silly get     'x-served-by': 'cache-iad2131-IAD',
24 silly get     'x-cache': 'HIT',
24 silly get     'x-cache-hits': '1',
24 silly get     'x-timer': 'S1445482555.072337,VS0,VE1',
24 silly get     vary: 'Accept' } ]
25 verbose get saving bower to /Users/renatotkd/.npm/registry.npmjs.org/bower/.cache.json
26 silly addNameRange number 2 { name: 'bower', range: '*', hasData: true }
27 silly addNameRange versions [ 'bower',
27 silly addNameRange   [ '0.1.0',
27 silly addNameRange     '0.1.2',
27 silly addNameRange     '0.1.3',
27 silly addNameRange     '0.2.0',
27 silly addNameRange     '0.3.0',
27 silly addNameRange     '0.3.1',
27 silly addNameRange     '0.3.2',
27 silly addNameRange     '0.4.0',
27 silly addNameRange     '0.5.0',
27 silly addNameRange     '0.5.1',
27 silly addNameRange     '0.6.0',
27 silly addNameRange     '0.6.1',
27 silly addNameRange     '0.6.2',
27 silly addNameRange     '0.6.3',
27 silly addNameRange     '0.6.4',
27 silly addNameRange     '0.6.5',
27 silly addNameRange     '0.6.6',
27 silly addNameRange     '0.6.7',
27 silly addNameRange     '0.6.8',
27 silly addNameRange     '0.7.0',
27 silly addNameRange     '0.7.1',
27 silly addNameRange     '0.8.0',
27 silly addNameRange     '0.8.1',
27 silly addNameRange     '0.8.2',
27 silly addNameRange     '0.8.3',
27 silly addNameRange     '0.8.4',
27 silly addNameRange     '0.8.5',
27 silly addNameRange     '0.8.6',
27 silly addNameRange     '0.9.0',
27 silly addNameRange     '0.9.1',
27 silly addNameRange     '0.9.2',
27 silly addNameRange     '0.10.0',
27 silly addNameRange     '1.0.0',
27 silly addNameRange     '1.0.1',
27 silly addNameRange     '1.0.2',
27 silly addNameRange     '1.0.3',
27 silly addNameRange     '1.1.0',
27 silly addNameRange     '1.1.1',
27 silly addNameRange     '1.1.2',
27 silly addNameRange     '1.2.0',
27 silly addNameRange     '1.2.1',
27 silly addNameRange     '1.2.2',
27 silly addNameRange     '1.2.3',
27 silly addNameRange     '1.2.4',
27 silly addNameRange     '1.2.5',
27 silly addNameRange     '1.2.6',
27 silly addNameRange     '1.2.7',
27 silly addNameRange     '1.2.8',
27 silly addNameRange     '1.3.0',
27 silly addNameRange     '1.3.1',
27 silly addNameRange     '1.3.2',
27 silly addNameRange     '1.3.3',
27 silly addNameRange     '1.3.4',
27 silly addNameRange     '1.3.5',
27 silly addNameRange     '1.3.6',
27 silly addNameRange     '1.3.7',
27 silly addNameRange     '1.3.8',
27 silly addNameRange     '1.3.9',
27 silly addNameRange     '1.3.10',
27 silly addNameRange     '1.3.11',
27 silly addNameRange     '1.3.12',
27 silly addNameRange     '1.4.0',
27 silly addNameRange     '1.4.1',
27 silly addNameRange     '1.5.0',
27 silly addNameRange     '1.5.1',
27 silly addNameRange     '1.5.2',
27 silly addNameRange     '1.5.3',
27 silly addNameRange     '1.6.2',
27 silly addNameRange     '1.6.3' ] ]
28 silly addNamed bower@1.6.3
29 verbose addNamed "1.6.3" is a plain semver version for bower
30 silly mapToRegistry name bower
31 silly mapToRegistry using default registry
32 silly mapToRegistry registry https://registry.npmjs.org/
33 silly mapToRegistry uri https://registry.npmjs.org/bower
34 verbose addRemoteTarball https://registry.npmjs.org/bower/-/bower-1.6.3.tgz not in flight; adding
35 verbose addRemoteTarball [ 'https://registry.npmjs.org/bower/-/bower-1.6.3.tgz',
35 verbose addRemoteTarball   '70ab999e25dec5c078afcaf545a991f683dc1ea6' ]
36 info retry fetch attempt 1 at 00:55:55
37 info attempt registry request try #1 at 00:55:55
38 http fetch GET https://registry.npmjs.org/bower/-/bower-1.6.3.tgz
39 http fetch 200 https://registry.npmjs.org/bower/-/bower-1.6.3.tgz
40 silly fetchAndShaCheck shasum 70ab999e25dec5c078afcaf545a991f683dc1ea6
41 verbose addTmpTarball /var/folders/2l/k39dn8wn5qb176_0n59vx3nm0000gn/T/npm-2051-bc65e72a/registry.npmjs.org/bower/-/bower-1.6.3.tgz not in flight; adding
42 verbose addTmpTarball already have metadata; skipping unpack for bower@1.6.3
43 verbose stack Error: EACCES, mkdir '/Users/renatotkd/.npm/bower/1.6.3'
43 verbose stack     at Error (native)
44 verbose cwd /Users/renatotkd/Code/baconfy/skeleton
45 error Darwin 15.0.0
46 error argv "node" "/usr/local/bin/npm" "install" "-g" "bower"
47 error node v0.12.0
48 error npm  v2.12.0
49 error path /Users/renatotkd/.npm/bower/1.6.3
50 error code EACCES
51 error errno -13
52 error Error: EACCES, mkdir '/Users/renatotkd/.npm/bower/1.6.3'
52 error     at Error (native)
52 error  { [Error: EACCES, mkdir '/Users/renatotkd/.npm/bower/1.6.3']
52 error   errno: -13,
52 error   code: 'EACCES',
52 error   path: '/Users/renatotkd/.npm/bower/1.6.3' }
53 error Please try running this command again as root/Administrator.
54 verbose exit [ -13, true ]
